Arguments: 
  C:\Program Files\nodejs\node.exe C:\Users\guilh\AppData\Roaming\npm\node_modules\yarn\bin\yarn.js add express lodash cprs

PATH: 
  C:\WINDOWS\system32;C:\WINDOWS;C:\WINDOWS\System32\Wbem;C:\WINDOWS\System32\WindowsPowerShell\v1.0\;C:\WINDOWS\System32\OpenSSH\;C:\Program Files\Git\cmd;C:\Program Files\nodejs\;C:\Program Files (x86)\Intel\Intel(R) Management Engine Components\DAL;C:\Program Files\Intel\Intel(R) Management Engine Components\DAL;C:\Program Files\Docker\Docker\resources\bin;C:\ProgramData\DockerDesktop\version-bin;C:\Users\guilh\AppData\Local\Programs\Python\Python38\Scripts\;C:\Users\guilh\AppData\Local\Programs\Python\Python38\;C:\Users\guilh\AppData\Local\Programs\Python\Python39\Scripts\;C:\Users\guilh\AppData\Local\Programs\Python\Python39\;C:\Users\guilh\AppData\Local\Microsoft\WindowsApps;;C:\Users\guilh\AppData\Local\Programs\Microsoft VS Code\bin;C:\Users\guilh\AppData\Roaming\npm;C:\Program Files\JetBrains\PyCharm Community Edition 2021.1\bin;

Yarn version: 
  1.22.10

Node version: 
  14.16.0

Platform: 
  win32 x64

Trace: 
  Error: https://registry.yarnpkg.com/cprs: Not found
      at Request.params.callback [as _callback] (C:\Users\guilh\AppData\Roaming\npm\node_modules\yarn\lib\cli.js:66988:18)
      at Request.self.callback (C:\Users\guilh\AppData\Roaming\npm\node_modules\yarn\lib\cli.js:140662:22)
      at Request.emit (events.js:315:20)
      at Request.<anonymous> (C:\Users\guilh\AppData\Roaming\npm\node_modules\yarn\lib\cli.js:141634:10)
      at Request.emit (events.js:315:20)
      at IncomingMessage.<anonymous> (C:\Users\guilh\AppData\Roaming\npm\node_modules\yarn\lib\cli.js:141556:12)
      at Object.onceWrapper (events.js:421:28)
      at IncomingMessage.emit (events.js:327:22)
      at endReadableNT (internal/streams/readable.js:1327:12)
      at processTicksAndRejections (internal/process/task_queues.js:80:21)

npm manifest: 
  {
    "name": "challenge-eduq",
    "version": "1.0.0",
    "main": "index.js",
    "repository": "git@lab.coodesh.com:guilherme.steink/challenge-20201209.git",
    "author": "Guilherme <guilherme.steink@gmail.com>",
    "license": "MIT"
  }

yarn manifest: 
  No manifest

Lockfile: 
  # THIS IS AN AUTOGENERATED FILE. DO NOT EDIT THIS FILE DIRECTLY.
  # yarn lockfile v1
